/home/gokhan/.local/lib/python3.12/site-packages/xgboost/training.py:200: UserWarning: [15:18:49] WARNING: /__w/xgboost/xgboost/src/learner.cc:782: 
Parameters: { "scale_pos_weight", "use_label_encoder" } are not used.

  bst.update(dtrain, iteration=i, fobj=obj)
/home/gokhan/.local/lib/python3.12/site-packages/xgboost/training.py:200: UserWarning: [15:18:59] WARNING: /__w/xgboost/xgboost/src/learner.cc:782: 
Parameters: { "scale_pos_weight", "use_label_encoder" } are not used.

  bst.update(dtrain, iteration=i, fobj=obj)
/home/gokhan/.local/lib/python3.12/site-packages/xgboost/training.py:200: UserWarning: [15:19:09] WARNING: /__w/xgboost/xgboost/src/learner.cc:782: 
Parameters: { "scale_pos_weight", "use_label_encoder" } are not used.

  bst.update(dtrain, iteration=i, fobj=obj)
/home/gokhan/.local/lib/python3.12/site-packages/xgboost/training.py:200: UserWarning: [15:19:19] WARNING: /__w/xgboost/xgboost/src/learner.cc:782: 
Parameters: { "scale_pos_weight", "use_label_encoder" } are not used.

  bst.update(dtrain, iteration=i, fobj=obj)
/home/gokhan/.local/lib/python3.12/site-packages/xgboost/training.py:200: UserWarning: [15:19:30] WARNING: /__w/xgboost/xgboost/src/learner.cc:782: 
Parameters: { "scale_pos_weight", "use_label_encoder" } are not used.

  bst.update(dtrain, iteration=i, fobj=obj)
============================================================
  Varanus v5.2 Dual-Engine — Walk-Forward Validation
  Gate : long_win_rate >= 40%, consistency >= 75%
============================================================

[+] Loaded params from best_params_v52.json
    mss_lookback: 31
    fvg_min_atr_ratio: 0.392
    sweep_min_pct: 0.00641
    fvg_max_age: 22
    rvol_threshold: 1.287
    rsi_oversold: 36
    rsi_overbought: 58
    max_holding: 31
    xgb_n_estimators: 218
    xgb_subsample: 0.957
    xgb_lr: 0.060884936946609944
    xgb_max_depth: 6
    conf_thresh_short: 0.786
    tp_atr_mult: 5.768
    sl_atr_mult: 0.709
    leverage_5x_trigger: 0.968
    conf_thresh_long: 0.7334134502076471
    tp_mult_long: 3.127323098746781
    sl_mult_long: 0.786104563590133

[+] Loading universe data...
  ADA: 4379 x 4h candles
  AVAX: 4379 x 4h candles
  LINK: 4379 x 4h candles
  DOT: 4379 x 4h candles
  TRX: 4379 x 4h candles
  NEAR: 4379 x 4h candles
  UNI: 4343 x 4h candles
  SUI: 4343 x 4h candles
  ARB: 4379 x 4h candles
  OP: 4379 x 4h candles
  POL: 1000 x 4h candles
  APT: 4343 x 4h candles
  ATOM: 4379 x 4h candles
  FIL: 4379 x 4h candles
  ICP: 4379 x 4h candles

[+] Loaded 15 assets.

[+] Running 5-fold walk-forward validation...

  [WFV] Fold 1: Train 2024-03-06-->2024-07-12 (18%) | Val 2024-07-16-->2024-10-20 (13%) | Test 2024-10-24-->2025-01-31 (14%)
  [WFV] Fold 2: Train 2024-06-13-->2024-10-20 (18%) | Val 2024-10-24-->2025-01-27 (13%) | Test 2025-01-31-->2025-05-11 (14%)
  [WFV] Fold 3: Train 2024-09-21-->2025-01-27 (18%) | Val 2025-01-31-->2025-05-07 (13%) | Test 2025-05-11-->2025-08-18 (14%)
  [WFV] Fold 4: Train 2024-12-29-->2025-05-07 (18%) | Val 2025-05-11-->2025-08-14 (13%) | Test 2025-08-18-->2025-11-26 (14%)
  [WFV] Fold 5: Train 2025-04-08-->2025-08-14 (18%) | Val 2025-08-18-->2025-11-22 (13%) | Test 2025-11-26-->2026-03-05 (14%)

── Fold 1/5 ──
  Trades: 23 (L:1 S:22) | HunterEff: -2155.926 | WR: 26.09% (L:0.0% S:27.27%) | Ret: -3.92% | MaxDD: -9.09% | Sharpe: -0.437 | LongSharpe: 0.0 | DecayExits: 0 | MSSExits: 0

── Fold 2/5 ──
  Trades: 24 (L:6 S:18) | HunterEff: 11747.347 | WR: 45.83% (L:83.33% S:33.33%) | Ret: 14.0% | MaxDD: -5.96% | Sharpe: 1.833 | LongSharpe: 17.531 | DecayExits: 0 | MSSExits: 0

── Fold 3/5 ──
  Trades: 22 (L:4 S:18) | HunterEff: 971.973 | WR: 22.73% (L:25.0% S:22.22%) | Ret: 2.23% | MaxDD: -11.45% | Sharpe: 0.409 | LongSharpe: -12.3 | DecayExits: 0 | MSSExits: 0

── Fold 4/5 ──
  Trades: 48 (L:2 S:46) | HunterEff: 10428.181 | WR: 31.25% (L:100.0% S:28.26%) | Ret: 34.35% | MaxDD: -16.47% | Sharpe: 1.639 | LongSharpe: 30.365 | DecayExits: 0 | MSSExits: 0 [DD BREACH]

── Fold 5/5 ──
  Trades: 50 (L:13 S:37) | HunterEff: 52180.917 | WR: 40.0% (L:38.46% S:40.54%) | Ret: 142.56% | MaxDD: -13.66% | Sharpe: 3.774 | LongSharpe: 3.866 | DecayExits: 0 | MSSExits: 0 [DD BREACH]

WFV Summary — 4/5 folds passed Hunter gate
Consistency: 80% (required: 75%)
 fold  hunter_efficiency  total_return_pct  win_rate_pct  long_win_rate_pct  short_win_rate_pct  max_drawdown_pct  sharpe_ratio  long_sharpe  total_trades  long_trades  short_trades  signal_decay_exits  mss_invalidation_exits
    1          -2155.926             -3.92         26.09               0.00               27.27             -9.09        -0.437        0.000            23            1            22                   0                       0
    2          11747.347             14.00         45.83              83.33               33.33             -5.96         1.833       17.531            24            6            18                   0                       0
    3            971.973              2.23         22.73              25.00               22.22            -11.45         0.409      -12.300            22            4            18                   0                       0
    4          10428.181             34.35         31.25             100.00               28.26            -16.47         1.639       30.365            48            2            46                   0                       0
    5          52180.917            142.56         40.00              38.46               40.54            -13.66         3.774        3.866            50           13            37                   0                       0

============================================================
  FINAL WALK-FORWARD RESULTS
============================================================

  Consistency : 80%  (PASS)

  Total Trades : 167  (L:26 S:141)
  Overall WR   : 34.1%
  Long WR      : 50.0%  (PASS — gate: >=40%)
  Short WR     : 31.2%
  Total PnL    : $9460.89

  Per-Fold Summary:
 fold  total_return_pct  win_rate_pct  long_win_rate_pct  short_win_rate_pct  max_drawdown_pct  sharpe_ratio  hunter_efficiency  total_trades
    1             -3.92         26.09               0.00               27.27             -9.09        -0.437          -2155.926            23
    2             14.00         45.83              83.33               33.33             -5.96         1.833          11747.347            24
    3              2.23         22.73              25.00               22.22            -11.45         0.409            971.973            22
    4             34.35         31.25             100.00               28.26            -16.47         1.639          10428.181            48
    5            142.56         40.00              38.46               40.54            -13.66         3.774          52180.917            50

[+] Results saved to wfv_v52_results.csv
============================================================
