/home/gokhan/.local/lib/python3.12/site-packages/xgboost/training.py:200: UserWarning: [17:14:38] WARNING: /__w/xgboost/xgboost/src/learner.cc:782: 
Parameters: { "scale_pos_weight", "use_label_encoder" } are not used.

  bst.update(dtrain, iteration=i, fobj=obj)
/home/gokhan/.local/lib/python3.12/site-packages/xgboost/training.py:200: UserWarning: [17:14:40] WARNING: /__w/xgboost/xgboost/src/learner.cc:782: 
Parameters: { "use_label_encoder" } are not used.

  bst.update(dtrain, iteration=i, fobj=obj)
/home/gokhan/.local/lib/python3.12/site-packages/xgboost/training.py:200: UserWarning: [17:14:49] WARNING: /__w/xgboost/xgboost/src/learner.cc:782: 
Parameters: { "scale_pos_weight", "use_label_encoder" } are not used.

  bst.update(dtrain, iteration=i, fobj=obj)
/home/gokhan/.local/lib/python3.12/site-packages/xgboost/training.py:200: UserWarning: [17:14:51] WARNING: /__w/xgboost/xgboost/src/learner.cc:782: 
Parameters: { "use_label_encoder" } are not used.

  bst.update(dtrain, iteration=i, fobj=obj)
/home/gokhan/.local/lib/python3.12/site-packages/xgboost/training.py:200: UserWarning: [17:15:00] WARNING: /__w/xgboost/xgboost/src/learner.cc:782: 
Parameters: { "scale_pos_weight", "use_label_encoder" } are not used.

  bst.update(dtrain, iteration=i, fobj=obj)
/home/gokhan/.local/lib/python3.12/site-packages/xgboost/training.py:200: UserWarning: [17:15:02] WARNING: /__w/xgboost/xgboost/src/learner.cc:782: 
Parameters: { "use_label_encoder" } are not used.

  bst.update(dtrain, iteration=i, fobj=obj)
/home/gokhan/.local/lib/python3.12/site-packages/xgboost/training.py:200: UserWarning: [17:15:11] WARNING: /__w/xgboost/xgboost/src/learner.cc:782: 
Parameters: { "scale_pos_weight", "use_label_encoder" } are not used.

  bst.update(dtrain, iteration=i, fobj=obj)
/home/gokhan/.local/lib/python3.12/site-packages/xgboost/training.py:200: UserWarning: [17:15:12] WARNING: /__w/xgboost/xgboost/src/learner.cc:782: 
Parameters: { "use_label_encoder" } are not used.

  bst.update(dtrain, iteration=i, fobj=obj)
/home/gokhan/.local/lib/python3.12/site-packages/xgboost/training.py:200: UserWarning: [17:15:22] WARNING: /__w/xgboost/xgboost/src/learner.cc:782: 
Parameters: { "scale_pos_weight", "use_label_encoder" } are not used.

  bst.update(dtrain, iteration=i, fobj=obj)
/home/gokhan/.local/lib/python3.12/site-packages/xgboost/training.py:200: UserWarning: [17:15:23] WARNING: /__w/xgboost/xgboost/src/learner.cc:782: 
Parameters: { "use_label_encoder" } are not used.

  bst.update(dtrain, iteration=i, fobj=obj)
============================================================
  Varanus v5.2 Dual-Engine — Walk-Forward Validation
  Gate : long_win_rate >= 40%, consistency >= 75%
============================================================

[+] Loaded params from best_params_v52.json
    mss_lookback: 31
    fvg_min_atr_ratio: 0.392
    sweep_min_pct: 0.00641
    fvg_max_age: 22
    rvol_threshold: 1.287
    rsi_oversold: 36
    rsi_overbought: 58
    max_holding: 31
    xgb_n_estimators: 218
    xgb_subsample: 0.957
    xgb_lr: 0.060884936946609944
    xgb_max_depth: 6
    conf_thresh_short: 0.786
    tp_atr_mult: 5.768
    sl_atr_mult: 0.709
    leverage_5x_trigger: 0.968
    conf_thresh_long: 0.7334134502076471
    tp_mult_long: 3.127323098746781
    sl_mult_long: 0.786104563590133

[+] Loading universe data...
  ADA: 4379 x 4h candles
  AVAX: 4379 x 4h candles
  LINK: 4379 x 4h candles
  DOT: 4379 x 4h candles
  TRX: 4379 x 4h candles
  NEAR: 4379 x 4h candles
  UNI: 4343 x 4h candles
  SUI: 4343 x 4h candles
  ARB: 4379 x 4h candles
  OP: 4379 x 4h candles
  POL: 1000 x 4h candles
  APT: 4343 x 4h candles
  ATOM: 4379 x 4h candles
  FIL: 4379 x 4h candles
  ICP: 4379 x 4h candles

[+] Loaded 15 assets.

[+] Running 5-fold walk-forward validation...

  [WFV] Fold 1: Train 2024-03-06-->2024-07-12 (18%) | Val 2024-07-16-->2024-10-20 (13%) | Test 2024-10-24-->2025-01-31 (14%)
  [WFV] Fold 2: Train 2024-06-13-->2024-10-20 (18%) | Val 2024-10-24-->2025-01-27 (13%) | Test 2025-01-31-->2025-05-11 (14%)
  [WFV] Fold 3: Train 2024-09-21-->2025-01-27 (18%) | Val 2025-01-31-->2025-05-07 (13%) | Test 2025-05-11-->2025-08-18 (14%)
  [WFV] Fold 4: Train 2024-12-29-->2025-05-07 (18%) | Val 2025-05-11-->2025-08-14 (13%) | Test 2025-08-18-->2025-11-26 (14%)
  [WFV] Fold 5: Train 2025-04-08-->2025-08-14 (18%) | Val 2025-08-18-->2025-11-22 (13%) | Test 2025-11-26-->2026-03-05 (14%)

── Fold 1/5 ──
  Trades: 24 (L:1 S:23) | HunterEff: 5884.063 | WR: 25.0% (L:0.0% S:26.09%) | Ret: 9.71% | MaxDD: -8.25% | Sharpe: 1.0 | LongSharpe: 0.0 | DecayExits: 0 | MSSExits: 0

── Fold 2/5 ──
  Trades: 22 (L:3 S:19) | HunterEff: 3423.967 | WR: 40.91% (L:66.67% S:36.84%) | Ret: 4.96% | MaxDD: -7.24% | Sharpe: 0.789 | LongSharpe: 7.469 | DecayExits: 0 | MSSExits: 0

── Fold 3/5 ──
  Trades: 22 (L:6 S:16) | HunterEff: -1285.711 | WR: 22.73% (L:33.33% S:18.75%) | Ret: -3.13% | MaxDD: -12.16% | Sharpe: -0.263 | LongSharpe: -6.817 | DecayExits: 0 | MSSExits: 0 [DD BREACH]

── Fold 4/5 ──
  Trades: 46 (L:1 S:45) | HunterEff: 11098.125 | WR: 30.43% (L:100.0% S:28.89%) | Ret: 35.49% | MaxDD: -15.99% | Sharpe: 1.666 | LongSharpe: 0.0 | DecayExits: 0 | MSSExits: 0 [DD BREACH]

── Fold 5/5 ──
  Trades: 53 (L:13 S:40) | HunterEff: 59952.981 | WR: 43.4% (L:46.15% S:42.5%) | Ret: 164.87% | MaxDD: -13.75% | Sharpe: 3.954 | LongSharpe: 5.782 | DecayExits: 0 | MSSExits: 0 [DD BREACH]

WFV Summary — 4/5 folds passed Hunter gate
Consistency: 80% (required: 75%)
 fold  hunter_efficiency  total_return_pct  win_rate_pct  long_win_rate_pct  short_win_rate_pct  max_drawdown_pct  sharpe_ratio  long_sharpe  total_trades  long_trades  short_trades  signal_decay_exits  mss_invalidation_exits
    1           5884.063              9.71         25.00               0.00               26.09             -8.25         1.000        0.000            24            1            23                   0                       0
    2           3423.967              4.96         40.91              66.67               36.84             -7.24         0.789        7.469            22            3            19                   0                       0
    3          -1285.711             -3.13         22.73              33.33               18.75            -12.16        -0.263       -6.817            22            6            16                   0                       0
    4          11098.125             35.49         30.43             100.00               28.89            -15.99         1.666        0.000            46            1            45                   0                       0
    5          59952.981            164.87         43.40              46.15               42.50            -13.75         3.954        5.782            53           13            40                   0                       0

============================================================
  FINAL WALK-FORWARD RESULTS
============================================================

  Consistency : 80%  (PASS)

  Total Trades : 167  (L:24 S:143)
  Overall WR   : 34.1%
  Long WR      : 45.8%  (PASS — gate: >=40%)
  Short WR     : 32.2%
  Total PnL    : $10595.11

  Per-Fold Summary:
 fold  total_return_pct  win_rate_pct  long_win_rate_pct  short_win_rate_pct  max_drawdown_pct  sharpe_ratio  hunter_efficiency  total_trades
    1              9.71         25.00               0.00               26.09             -8.25         1.000           5884.063            24
    2              4.96         40.91              66.67               36.84             -7.24         0.789           3423.967            22
    3             -3.13         22.73              33.33               18.75            -12.16        -0.263          -1285.711            22
    4             35.49         30.43             100.00               28.89            -15.99         1.666          11098.125            46
    5            164.87         43.40              46.15               42.50            -13.75         3.954          59952.981            53

[+] Results saved to wfv_v52_results.csv
============================================================
